Added Component: Designator=C1(0603_C)
Add component (AddParameter): Name = "ComponentLink1Description"; Value = "供应商链接"; VariantName = "[No Variations]"
Add component (AddParameter): Name = "ComponentLink1URL"; Value = "http://www.szlcsc.com/product/details_16531.html"; VariantName = "[No Variations]"
Add component (AddParameter): Name = "Notepad"; Value = ""; VariantName = "[No Variations]"
Add component (AddParameter): Name = "Package"; Value = "0603"; VariantName = "[No Variations]"
Add component (AddParameter): Name = "Supplier"; Value = "LC"; VariantName = "[No Variations]"
Add component (AddParameter): Name = "SuppliersPartNumber"; Value = "C15849"; VariantName = "[No Variations]"
Added Component: Designator=C2(0402_C)
Add component (AddParameter): Name = "ComponentLink1Description"; Value = "供应商链接"; VariantName = "[No Variations]"
Add component (AddParameter): Name = "ComponentLink1URL"; Value = "http://www.szlcsc.com/product/details_1877.html"; VariantName = "[No Variations]"
Add component (AddParameter): Name = "Notepad"; Value = ""; VariantName = "[No Variations]"
Add component (AddParameter): Name = "Package"; Value = "0402"; VariantName = "[No Variations]"
Add component (AddParameter): Name = "Supplier"; Value = "LC"; VariantName = "[No Variations]"
Add component (AddParameter): Name = "SuppliersPartNumber"; Value = "C1525"; VariantName = "[No Variations]"
Added Component: Designator=C3(0402_C)
Add component (AddParameter): Name = "ComponentLink1Description"; Value = "供应商链接"; VariantName = "[No Variations]"
Add component (AddParameter): Name = "ComponentLink1URL"; Value = "http://www.szlcsc.com/product/details_1877.html"; VariantName = "[No Variations]"
Add component (AddParameter): Name = "Notepad"; Value = ""; VariantName = "[No Variations]"
Add component (AddParameter): Name = "Package"; Value = "0402"; VariantName = "[No Variations]"
Add component (AddParameter): Name = "Supplier"; Value = "LC"; VariantName = "[No Variations]"
Add component (AddParameter): Name = "SuppliersPartNumber"; Value = "C1525"; VariantName = "[No Variations]"
Added Component: Designator=J1(MOLX-480-37-1000_V)
Add component (AddParameter): Name = "Case Code (Imperial)"; Value = "0603"; VariantName = "[No Variations]"
Add component (AddParameter): Name = "Case Code (Metric)"; Value = "1608"; VariantName = "[No Variations]"
Add component (AddParameter): Name = "Case\Package"; Value = "0603"; VariantName = "[No Variations]"
Add component (AddParameter): Name = "ComponentLink1Description"; Value = "Manufacturer URL"; VariantName = "[No Variations]"
Add component (AddParameter): Name = "ComponentLink1URL"; Value = "http://www.molex.com/"; VariantName = "[No Variations]"
Add component (AddParameter): Name = "ComponentLink2Description"; Value = "Datasheet"; VariantName = "[No Variations]"
Add component (AddParameter): Name = "ComponentLink2URL"; Value = "http://www.molex.com/pdm_docs/sd/480371000_sd.pdf"; VariantName = "[No Variations]"
Add component (AddParameter): Name = "DatasheetVersion"; Value = "Rev. D, 06/2004"; VariantName = "[No Variations]"
Add component (AddParameter): Name = "Height"; Value = "0.45 mm"; VariantName = "[No Variations]"
Add component (AddParameter): Name = "Length"; Value = "1.6 mm"; VariantName = "[No Variations]"
Add component (AddParameter): Name = "Max Operating Temperature"; Value = "155 degC"; VariantName = "[No Variations]"
Add component (AddParameter): Name = "Min Operating Temperature"; Value = "-55 degC"; VariantName = "[No Variations]"
Add component (AddParameter): Name = "Mount"; Value = "Surface Mount"; VariantName = "[No Variations]"
Add component (AddParameter): Name = "Package Quantity"; Value = "5000"; VariantName = "[No Variations]"
Add component (AddParameter): Name = "PackageDescription"; Value = "4-Pin Surface Mount Device, Body 12 x 18.8 mm"; VariantName = "[No Variations]"
Add component (AddParameter): Name = "PackageReference"; Value = "480-37-1000"; VariantName = "[No Variations]"
Add component (AddParameter): Name = "Packaging"; Value = "Tape and Reel"; VariantName = "[No Variations]"
Add component (AddParameter): Name = "Pins"; Value = "2"; VariantName = "[No Variations]"
Add component (AddParameter): Name = "Power Rating"; Value = "100 mW"; VariantName = "[No Variations]"
Add component (AddParameter): Name = "REACH SVHC"; Value = "No SVHC"; VariantName = "[No Variations]"
Add component (AddParameter): Name = "Resistance"; Value = "1 mohm"; VariantName = "[No Variations]"
Add component (AddParameter): Name = "RoHSCompliant"; Value = "true"; VariantName = "[No Variations]"
Add component (AddParameter): Name = "Tolerance"; Value = "1%"; VariantName = "[No Variations]"
Add component (AddParameter): Name = "Voltage Rating"; Value = "50 V"; VariantName = "[No Variations]"
Add component (AddParameter): Name = "Voltage Rating (DC)"; Value = "50 V"; VariantName = "[No Variations]"
Add component (AddParameter): Name = "Width"; Value = "0.8 mm"; VariantName = "[No Variations]"
Added Component: Designator=J2(FP-SM04B-GHS-TB_LF_SN-MFG)
Add component (AddParameter): Name = "Contact Material"; Value = "Bronze"; VariantName = "[No Variations]"
Add component (AddParameter): Name = "Contact Plating"; Value = "Tin"; VariantName = "[No Variations]"
Add component (AddParameter): Name = "Current Rating"; Value = "1A"; VariantName = "[No Variations]"
Add component (AddParameter): Name = "Housing Color"; Value = "Natural"; VariantName = "[No Variations]"
Add component (AddParameter): Name = "Housing Material"; Value = "Nylon"; VariantName = "[No Variations]"
Add component (AddParameter): Name = "Lead Free"; Value = "Lead Free"; VariantName = "[No Variations]"
Add component (AddParameter): Name = "Mount"; Value = "Surface Mount"; VariantName = "[No Variations]"
Add component (AddParameter): Name = "Number of Contacts"; Value = "4"; VariantName = "[No Variations]"
Add component (AddParameter): Name = "Number of Positions"; Value = "4"; VariantName = "[No Variations]"
Add component (AddParameter): Name = "Number of Rows"; Value = "1"; VariantName = "[No Variations]"
Add component (AddParameter): Name = "Orientation"; Value = "Right Angle"; VariantName = "[No Variations]"
Add component (AddParameter): Name = "Packaging"; Value = "Cut Tape"; VariantName = "[No Variations]"
Add component (AddParameter): Name = "Pitch"; Value = "1.25mm"; VariantName = "[No Variations]"
Add component (AddParameter): Name = "REACH SVHC"; Value = "No SVHC"; VariantName = "[No Variations]"
Add component (AddParameter): Name = "Series"; Value = "GH"; VariantName = "[No Variations]"
Add component (AddParameter): Name = "Termination"; Value = "Solder"; VariantName = "[No Variations]"
Add component (AddParameter): Name = "Voltage Rating"; Value = "50V"; VariantName = "[No Variations]"
Added Component: Designator=J3(FP-SM04B-GHS-TB_LF_SN-MFG)
Add component (AddParameter): Name = "Contact Material"; Value = "Bronze"; VariantName = "[No Variations]"
Add component (AddParameter): Name = "Contact Plating"; Value = "Tin"; VariantName = "[No Variations]"
Add component (AddParameter): Name = "Current Rating"; Value = "1A"; VariantName = "[No Variations]"
Add component (AddParameter): Name = "Housing Color"; Value = "Natural"; VariantName = "[No Variations]"
Add component (AddParameter): Name = "Housing Material"; Value = "Nylon"; VariantName = "[No Variations]"
Add component (AddParameter): Name = "Lead Free"; Value = "Lead Free"; VariantName = "[No Variations]"
Add component (AddParameter): Name = "Mount"; Value = "Surface Mount"; VariantName = "[No Variations]"
Add component (AddParameter): Name = "Number of Contacts"; Value = "4"; VariantName = "[No Variations]"
Add component (AddParameter): Name = "Number of Positions"; Value = "4"; VariantName = "[No Variations]"
Add component (AddParameter): Name = "Number of Rows"; Value = "1"; VariantName = "[No Variations]"
Add component (AddParameter): Name = "Orientation"; Value = "Right Angle"; VariantName = "[No Variations]"
Add component (AddParameter): Name = "Packaging"; Value = "Cut Tape"; VariantName = "[No Variations]"
Add component (AddParameter): Name = "Pitch"; Value = "1.25mm"; VariantName = "[No Variations]"
Add component (AddParameter): Name = "REACH SVHC"; Value = "No SVHC"; VariantName = "[No Variations]"
Add component (AddParameter): Name = "Series"; Value = "GH"; VariantName = "[No Variations]"
Add component (AddParameter): Name = "Termination"; Value = "Solder"; VariantName = "[No Variations]"
Add component (AddParameter): Name = "Voltage Rating"; Value = "50V"; VariantName = "[No Variations]"
Added Component: Designator=R1(0402_R)
Add component (AddParameter): Name = "ComponentLink1Description"; Value = "供应商链接"; VariantName = "[No Variations]"
Add component (AddParameter): Name = "ComponentLink1URL"; Value = "http://www.szlcsc.com/product/details_26487.html"; VariantName = "[No Variations]"
Add component (AddParameter): Name = "Notepad"; Value = ""; VariantName = "[No Variations]"
Add component (AddParameter): Name = "Package"; Value = "0402"; VariantName = "[No Variations]"
Add component (AddParameter): Name = "Supplier"; Value = "LC"; VariantName = "[No Variations]"
Add component (AddParameter): Name = "SuppliersPartNumber"; Value = "C25744"; VariantName = "[No Variations]"
Added Component: Designator=U1(SLAB-QFN-28-3125x3125TP_M)
Add component (AddParameter): Name = "Data Rate"; Value = "1000kbps"; VariantName = "[No Variations]"
Add component (AddParameter): Name = "Datasheet URL"; Value = "http://www.mouser.com/ds/2/368/CP2102-9-247052.pdf"; VariantName = "[No Variations]"
Add component (AddParameter): Name = "Datasheet Version"; Value = "Rev. 1.6, 12/2013"; VariantName = "[No Variations]"
Add component (AddParameter): Name = "Interface Circuit Standard 1"; Value = "RS-232"; VariantName = "[No Variations]"
Add component (AddParameter): Name = "Manufacturer"; Value = "Silicon Labs"; VariantName = "[No Variations]"
Add component (AddParameter): Name = "Manufacturer URL"; Value = "http://www.silabs.com/"; VariantName = "[No Variations]"
Add component (AddParameter): Name = "Mounting"; Value = "SurfaceMount"; VariantName = "[No Variations]"
Add component (AddParameter): Name = "Number of Channels"; Value = "1"; VariantName = "[No Variations]"
Add component (AddParameter): Name = "Operating Supply Voltage (Max)"; Value = "3.6V"; VariantName = "[No Variations]"
Add component (AddParameter): Name = "Operating Supply Voltage (Min)"; Value = "3V"; VariantName = "[No Variations]"
Add component (AddParameter): Name = "Operating Supply Voltage (Typ)"; Value = "3.3V"; VariantName = "[No Variations]"
Add component (AddParameter): Name = "Operating Temperature (Max)"; Value = "85C"; VariantName = "[No Variations]"
Add component (AddParameter): Name = "Operating Temperature (Min)"; Value = "-40C"; VariantName = "[No Variations]"
Add component (AddParameter): Name = "Operating Temperature Classification"; Value = "Industrial"; VariantName = "[No Variations]"
Add component (AddParameter): Name = "Package Description"; Value = "28-Pin Quad-Flat No-Leads Package, Body 5 x 5 mm, Pitch 0.5 mm"; VariantName = "[No Variations]"
Add component (AddParameter): Name = "Package Reference"; Value = "QFN-28"; VariantName = "[No Variations]"
Add component (AddParameter): Name = "Package Type"; Value = "QFNEP"; VariantName = "[No Variations]"
Add component (AddParameter): Name = "Package URL"; Value = "http://www.silabs.com/Support%20Documents/TechnicalDocs/C8051T61x.pdf"; VariantName = "[No Variations]"
Add component (AddParameter): Name = "Packaging"; Value = "TapeandReel"; VariantName = "[No Variations]"
Add component (AddParameter): Name = "Pin Count"; Value = "28"; VariantName = "[No Variations]"
Add component (AddParameter): Name = "Rad Hardened"; Value = "No"; VariantName = "[No Variations]"
Add component (AddParameter): Name = "Supply Current"; Value = "26mA"; VariantName = "[No Variations]"
Add component (AddParameter): Name = "Transmitter and Receiver FIFO Counter"; Value = "No"; VariantName = "[No Variations]"
Added Pin To Net: NetName=GND Pin=C1-1
Added Pin To Net: NetName=GND Pin=C2-1
Added Pin To Net: NetName=GND Pin=C3-1
Added Pin To Net: NetName=GND Pin=J1-4
Added Pin To Net: NetName=GND Pin=J2-2
Added Pin To Net: NetName=GND Pin=J2-5
Added Pin To Net: NetName=GND Pin=J2-6
Added Pin To Net: NetName=GND Pin=J3-1
Added Pin To Net: NetName=GND Pin=J3-5
Added Pin To Net: NetName=GND Pin=J3-6
Added Pin To Net: NetName=GND Pin=R1-2
Added Pin To Net: NetName=GND Pin=U1-3
Added Pin To Net: NetName=GND Pin=U1-10
Added Pin To Net: NetName=GND Pin=U1-13
Added Pin To Net: NetName=GND Pin=U1-14
Added Pin To Net: NetName=GND Pin=U1-15
Added Pin To Net: NetName=GND Pin=U1-16
Added Pin To Net: NetName=GND Pin=U1-17
Added Pin To Net: NetName=GND Pin=U1-18
Added Pin To Net: NetName=GND Pin=U1-19
Added Pin To Net: NetName=GND Pin=U1-20
Added Pin To Net: NetName=GND Pin=U1-21
Added Pin To Net: NetName=GND Pin=U1-22
Added Net: Name=GND
Added Pin To Net: NetName=NetC1_2 Pin=C1-2
Added Pin To Net: NetName=NetC1_2 Pin=C2-2
Added Pin To Net: NetName=NetC1_2 Pin=J1-1
Added Pin To Net: NetName=NetC1_2 Pin=U1-7
Added Pin To Net: NetName=NetC1_2 Pin=U1-8
Added Net: Name=NetC1_2
Added Pin To Net: NetName=NetC3_2 Pin=C3-2
Added Pin To Net: NetName=NetC3_2 Pin=U1-6
Added Net: Name=NetC3_2
Added Pin To Net: NetName=NetJ1_2 Pin=J1-2
Added Pin To Net: NetName=NetJ1_2 Pin=U1-5
Added Net: Name=NetJ1_2
Added Pin To Net: NetName=NetJ1_3 Pin=J1-3
Added Pin To Net: NetName=NetJ1_3 Pin=U1-4
Added Net: Name=NetJ1_3
Added Pin To Net: NetName=NetR1_1 Pin=R1-1
Added Pin To Net: NetName=NetR1_1 Pin=U1-11
Added Net: Name=NetR1_1
Added Pin To Net: NetName=Rx Pin=J2-3
Added Pin To Net: NetName=Rx Pin=J3-2
Added Pin To Net: NetName=Rx Pin=U1-25
Added Net: Name=Rx
Added Pin To Net: NetName=Tx Pin=J2-4
Added Pin To Net: NetName=Tx Pin=J3-3
Added Pin To Net: NetName=Tx Pin=U1-26
Added Net: Name=Tx
Added Class: Name=Sheet1
Added Room: Name=Sheet1
